# JRE version: Java(TM) SE Runtime Environment (8.0_161-b12) (build 1.8.0_161-b12)
# Java VM: Java HotSpot(TM) 64-Bit Server VM (25.161-b12 mixed mode bsd-amd64 compressed oops)
Heap:
 PSYoungGen      total 69632K, used 15144K [0x00000007aab00000, 0x00000007af980000, 0x00000007c0000000)
  eden space 61952K, 12% used [0x00000007aab00000,0x00000007ab28f9b0,0x00000007ae780000)
  from space 7680K, 96% used [0x00000007af080000,0x00000007af7ba7a0,0x00000007af800000)
  to   space 9216K, 0% used [0x00000007ae780000,0x00000007ae780000,0x00000007af080000)
 ParOldGen       total 174080K, used 118849K [0x0000000780000000, 0x000000078aa00000, 0x00000007aab00000)
  object space 174080K, 68% used [0x0000000780000000,0x00000007874105f0,0x000000078aa00000)
 Metaspace       used 116657K, capacity 117696K, committed 118784K, reserved 1150976K
  class space    used 16284K, capacity 16513K, committed 16640K, reserved 1048576K
GC Heap History (10 events):
Event: 239917.463 GC heap before
{Heap before GC invocations=451 (full 41):
 PSYoungGen      total 70144K, used 69952K [0x00000007aab00000, 0x00000007b0000000, 0x00000007c0000000)
  eden space 69632K, 100% used [0x00000007aab00000,0x00000007aef00000,0x00000007aef00000)
  from space 512K, 62% used [0x00000007af080000,0x00000007af0d0000,0x00000007af100000)
  to   space 8704K, 0% used [0x00000007af780000,0x00000007af780000,0x00000007b0000000)
 ParOldGen       total 174080K, used 118849K [0x0000000780000000, 0x000000078aa00000, 0x00000007aab00000)
  object space 174080K, 68% used [0x0000000780000000,0x00000007874105f0,0x000000078aa00000)
 Metaspace       used 116657K, capacity 117696K, committed 118784K, reserved 1150976K
  class space    used 16284K, capacity 16513K, committed 16640K, reserved 1048576K
Event: 239917.570 GC heap after
Heap after GC invocations=451 (full 41):
 PSYoungGen      total 75264K, used 320K [0x00000007aab00000, 0x00000007afe80000, 0x00000007c0000000)
  eden space 68096K, 0% used [0x00000007aab00000,0x00000007aab00000,0x00000007aed80000)
  from space 7168K, 4% used [0x00000007af780000,0x00000007af7d0010,0x00000007afe80000)
  to   space 8704K, 0% used [0x00000007aed80000,0x00000007aed80000,0x00000007af600000)
 ParOldGen       total 174080K, used 118849K [0x0000000780000000, 0x000000078aa00000, 0x00000007aab00000)
  object space 174080K, 68% used [0x0000000780000000,0x00000007874105f0,0x000000078aa00000)
 Metaspace       used 116657K, capacity 117696K, committed 118784K, reserved 1150976K
  class space    used 16284K, capacity 16513K, committed 16640K, reserved 1048576K
}
Event: 242363.940 GC heap before
{Heap before GC invocations=452 (full 41):
 PSYoungGen      total 75264K, used 68416K [0x00000007aab00000, 0x00000007afe80000, 0x00000007c0000000)
  eden space 68096K, 100% used [0x00000007aab00000,0x00000007aed80000,0x00000007aed80000)
  from space 7168K, 4% used [0x00000007af780000,0x00000007af7d0010,0x00000007afe80000)
  to   space 8704K, 0% used [0x00000007aed80000,0x00000007aed80000,0x00000007af600000)
 ParOldGen       total 174080K, used 118849K [0x0000000780000000, 0x000000078aa00000, 0x00000007aab00000)
  object space 174080K, 68% used [0x0000000780000000,0x00000007874105f0,0x000000078aa00000)
 Metaspace       used 116657K, capacity 117696K, committed 118784K, reserved 1150976K
  class space    used 16284K, capacity 16513K, committed 16640K, reserved 1048576K
Event: 242364.057 GC heap after
Heap after GC invocations=452 (full 41):
 PSYoungGen      total 67072K, used 320K [0x00000007aab00000, 0x00000007afc00000, 0x00000007c0000000)
  eden space 66560K, 0% used [0x00000007aab00000,0x00000007aab00000,0x00000007aec00000)
  from space 512K, 62% used [0x00000007aed80000,0x00000007aedd0000,0x00000007aee00000)
  to   space 8192K, 0% used [0x00000007af400000,0x00000007af400000,0x00000007afc00000)
 ParOldGen       total 174080K, used 118849K [0x0000000780000000, 0x000000078aa00000, 0x00000007aab00000)
  object space 174080K, 68% used [0x0000000780000000,0x00000007874105f0,0x000000078aa00000)
 Metaspace       used 116657K, capacity 117696K, committed 118784K, reserved 1150976K
  class space    used 16284K, capacity 16513K, committed 16640K, reserved 1048576K
}
Event: 244782.998 GC heap before
{Heap before GC invocations=453 (full 41):
 PSYoungGen      total 67072K, used 66880K [0x00000007aab00000, 0x00000007afc00000, 0x00000007c0000000)
  eden space 66560K, 100% used [0x00000007aab00000,0x00000007aec00000,0x00000007aec00000)
  from space 512K, 62% used [0x00000007aed80000,0x00000007aedd0000,0x00000007aee00000)
  to   space 8192K, 0% used [0x00000007af400000,0x00000007af400000,0x00000007afc00000)
 ParOldGen       total 174080K, used 118849K [0x0000000780000000, 0x000000078aa00000, 0x00000007aab00000)
  object space 174080K, 68% used [0x0000000780000000,0x00000007874105f0,0x000000078aa00000)
 Metaspace       used 116657K, capacity 117696K, committed 118784K, reserved 1150976K
  class space    used 16284K, capacity 16513K, committed 16640K, reserved 1048576K
Event: 244783.195 GC heap after
Heap after GC invocations=453 (full 41):
 PSYoungGen      total 70656K, used 320K [0x00000007aab00000, 0x00000007af980000, 0x00000007c0000000)
  eden space 65024K, 0% used [0x00000007aab00000,0x00000007aab00000,0x00000007aea80000)
  from space 5632K, 5% used [0x00000007af400000,0x00000007af450010,0x00000007af980000)
  to   space 7680K, 0% used [0x00000007aea80000,0x00000007aea80000,0x00000007af200000)
 ParOldGen       total 174080K, used 118849K [0x0000000780000000, 0x000000078aa00000, 0x00000007aab00000)
  object space 174080K, 68% used [0x0000000780000000,0x00000007874105f0,0x000000078aa00000)
 Metaspace       used 116657K, capacity 117696K, committed 118784K, reserved 1150976K
  class space    used 16284K, capacity 16513K, committed 16640K, reserved 1048576K
}
Event: 247184.462 GC heap before
{Heap before GC invocations=454 (full 41):
 PSYoungGen      total 70656K, used 65344K [0x00000007aab00000, 0x00000007af980000, 0x00000007c0000000)
  eden space 65024K, 100% used [0x00000007aab00000,0x00000007aea80000,0x00000007aea80000)
  from space 5632K, 5% used [0x00000007af400000,0x00000007af450010,0x00000007af980000)
  to   space 7680K, 0% used [0x00000007aea80000,0x00000007aea80000,0x00000007af200000)
 ParOldGen       total 174080K, used 118849K [0x0000000780000000, 0x000000078aa00000, 0x00000007aab00000)
  object space 174080K, 68% used [0x0000000780000000,0x00000007874105f0,0x000000078aa00000)
 Metaspace       used 116657K, capacity 117696K, committed 118784K, reserved 1150976K
  class space    used 16284K, capacity 16513K, committed 16640K, reserved 1048576K
Event: 247184.571 GC heap after
Heap after GC invocations=454 (full 41):
 PSYoungGen      total 64000K, used 320K [0x00000007aab00000, 0x00000007af800000, 0x00000007c0000000)
  eden space 63488K, 0% used [0x00000007aab00000,0x00000007aab00000,0x00000007ae900000)
  from space 512K, 62% used [0x00000007aea80000,0x00000007aead0010,0x00000007aeb00000)
  to   space 7680K, 0% used [0x00000007af080000,0x00000007af080000,0x00000007af800000)
 ParOldGen       total 174080K, used 118849K [0x0000000780000000, 0x000000078aa00000, 0x00000007aab00000)
  object space 174080K, 68% used [0x0000000780000000,0x00000007874105f0,0x000000078aa00000)
 Metaspace       used 116657K, capacity 117696K, committed 118784K, reserved 1150976K
  class space    used 16284K, capacity 16513K, committed 16640K, reserved 1048576K
}
Event: 248525.033 GC heap before
{Heap before GC invocations=455 (full 41):
 PSYoungGen      total 64000K, used 59065K [0x00000007aab00000, 0x00000007af800000, 0x00000007c0000000)
  eden space 63488K, 92% used [0x00000007aab00000,0x00000007ae45e590,0x00000007ae900000)
  from space 512K, 62% used [0x00000007aea80000,0x00000007aead0010,0x00000007aeb00000)
  to   space 7680K, 0% used [0x00000007af080000,0x00000007af080000,0x00000007af800000)
 ParOldGen       total 174080K, used 118849K [0x0000000780000000, 0x000000078aa00000, 0x00000007aab00000)
  object space 174080K, 68% used [0x0000000780000000,0x00000007874105f0,0x000000078aa00000)
 Metaspace       used 116657K, capacity 117696K, committed 118784K, reserved 1150976K
  class space    used 16284K, capacity 16513K, committed 16640K, reserved 1048576K
Event: 248525.282 GC heap after
Heap after GC invocations=455 (full 41):
 PSYoungGen      total 69632K, used 7401K [0x00000007aab00000, 0x00000007af980000, 0x00000007c0000000)
  eden space 61952K, 0% used [0x00000007aab00000,0x00000007aab00000,0x00000007ae780000)
  from space 7680K, 96% used [0x00000007af080000,0x00000007af7ba7a0,0x00000007af800000)
  to   space 9216K, 0% used [0x00000007ae780000,0x00000007ae780000,0x00000007af080000)
 ParOldGen       total 174080K, used 118849K [0x0000000780000000, 0x000000078aa00000, 0x00000007aab00000)
  object space 174080K, 68% used [0x0000000780000000,0x00000007874105f0,0x000000078aa00000)
 Metaspace       used 116657K, capacity 117696K, committed 118784K, reserved 1150976K
  class space    used 16284K, capacity 16513K, committed 16640K, reserved 1048576K
}

